# JRE version: OpenJDK Runtime Environment Temurin-17.0.4.1+1 (17.0.4.1+1) (build 17.0.4.1+1)
# Java VM: OpenJDK 64-Bit Server VM Temurin-17.0.4.1+1 (17.0.4.1+1, mixed mode, tiered, compressed oops, compressed class ptrs, g1 gc, windows-amd64)
GC Precious Log:
 CPUs: 16 total, 16 available
 Memory: 15706M
 Large Page Support: Disabled
 NUMA Support: Disabled
 Compressed Oops: Enabled (Zero based)
 Heap Region Size: 2M
 Heap Min Capacity: 8M
 Heap Initial Capacity: 246M
 Heap Max Capacity: 3928M
 Pre-touch: Disabled
 Parallel Workers: 13
 Concurrent Workers: 3
 Concurrent Refinement Workers: 13
 Periodic GC: Disabled
Heap:
 garbage-first heap   total 331776K, used 202509K [0x000000070a800000, 0x0000000800000000)
  region size 2048K, 11 young (22528K), 1 survivors (2048K)
 Metaspace       used 16670K, committed 16832K, reserved 1064960K
  class space    used 1556K, committed 1664K, reserved 1048576K
GC Heap History (20 events):
Event: 13.732 GC heap before
{Heap before GC invocations=4 (full 0):
 garbage-first heap   total 251904K, used 148947K [0x000000070a800000, 0x0000000800000000)
  region size 2048K, 24 young (49152K), 1 survivors (2048K)
 Metaspace       used 15967K, committed 16128K, reserved 1064960K
  class space    used 1540K, committed 1600K, reserved 1048576K
}
Event: 13.735 GC heap after
{Heap after GC invocations=5 (full 0):
 garbage-first heap   total 251904K, used 90067K [0x000000070a800000, 0x0000000800000000)
  region size 2048K, 3 young (6144K), 3 survivors (6144K)
 Metaspace       used 15967K, committed 16128K, reserved 1064960K
  class space    used 1540K, committed 1600K, reserved 1048576K
}
Event: 38.942 GC heap before
{Heap before GC invocations=5 (full 0):
 garbage-first heap   total 251904K, used 200659K [0x000000070a800000, 0x0000000800000000)
  region size 2048K, 48 young (98304K), 3 survivors (6144K)
 Metaspace       used 16341K, committed 16448K, reserved 1064960K
  class space    used 1542K, committed 1600K, reserved 1048576K
}
Event: 38.944 GC heap after
{Heap after GC invocations=6 (full 0):
 garbage-first heap   total 251904K, used 102417K [0x000000070a800000, 0x0000000800000000)
  region size 2048K, 3 young (6144K), 3 survivors (6144K)
 Metaspace       used 16341K, committed 16448K, reserved 1064960K
  class space    used 1542K, committed 1600K, reserved 1048576K
}
Event: 62.734 GC heap before
{Heap before GC invocations=6 (full 0):
 garbage-first heap   total 251904K, used 221201K [0x000000070a800000, 0x0000000800000000)
  region size 2048K, 53 young (108544K), 3 survivors (6144K)
 Metaspace       used 16667K, committed 16832K, reserved 1064960K
  class space    used 1554K, committed 1664K, reserved 1048576K
}
Event: 62.742 GC heap after
{Heap after GC invocations=7 (full 0):
 garbage-first heap   total 251904K, used 136055K [0x000000070a800000, 0x0000000800000000)
  region size 2048K, 7 young (14336K), 7 survivors (14336K)
 Metaspace       used 16667K, committed 16832K, reserved 1064960K
  class space    used 1554K, committed 1664K, reserved 1048576K
}
Event: 63.666 GC heap before
{Heap before GC invocations=7 (full 0):
 garbage-first heap   total 251904K, used 160631K [0x000000070a800000, 0x0000000800000000)
  region size 2048K, 20 young (40960K), 7 survivors (14336K)
 Metaspace       used 16667K, committed 16832K, reserved 1064960K
  class space    used 1554K, committed 1664K, reserved 1048576K
}
Event: 63.670 GC heap after
{Heap after GC invocations=8 (full 0):
 garbage-first heap   total 251904K, used 140378K [0x000000070a800000, 0x0000000800000000)
  region size 2048K, 3 young (6144K), 3 survivors (6144K)
 Metaspace       used 16667K, committed 16832K, reserved 1064960K
  class space    used 1554K, committed 1664K, reserved 1048576K
}
Event: 75.599 GC heap before
{Heap before GC invocations=9 (full 0):
 garbage-first heap   total 251904K, used 220250K [0x000000070a800000, 0x0000000800000000)
  region size 2048K, 33 young (67584K), 3 survivors (6144K)
 Metaspace       used 16667K, committed 16832K, reserved 1064960K
  class space    used 1554K, committed 1664K, reserved 1048576K
}
Event: 75.601 GC heap after
{Heap after GC invocations=10 (full 0):
 garbage-first heap   total 251904K, used 161331K [0x000000070a800000, 0x0000000800000000)
  region size 2048K, 4 young (8192K), 4 survivors (8192K)
 Metaspace       used 16667K, committed 16832K, reserved 1064960K
  class space    used 1554K, committed 1664K, reserved 1048576K
}
Event: 75.834 GC heap before
{Heap before GC invocations=10 (full 0):
 garbage-first heap   total 251904K, used 165427K [0x000000070a800000, 0x0000000800000000)
  region size 2048K, 6 young (12288K), 4 survivors (8192K)
 Metaspace       used 16667K, committed 16832K, reserved 1064960K
  class space    used 1554K, committed 1664K, reserved 1048576K
}
Event: 75.836 GC heap after
{Heap after GC invocations=11 (full 0):
 garbage-first heap   total 251904K, used 158697K [0x000000070a800000, 0x0000000800000000)
  region size 2048K, 1 young (2048K), 1 survivors (2048K)
 Metaspace       used 16667K, committed 16832K, reserved 1064960K
  class space    used 1554K, committed 1664K, reserved 1048576K
}
Event: 78.605 GC heap before
{Heap before GC invocations=11 (full 0):
 garbage-first heap   total 251904K, used 209897K [0x000000070a800000, 0x0000000800000000)
  region size 2048K, 27 young (55296K), 1 survivors (2048K)
 Metaspace       used 16668K, committed 16832K, reserved 1064960K
  class space    used 1554K, committed 1664K, reserved 1048576K
}
Event: 78.606 GC heap after
{Heap after GC invocations=12 (full 0):
 garbage-first heap   total 251904K, used 160293K [0x000000070a800000, 0x0000000800000000)
  region size 2048K, 1 young (2048K), 1 survivors (2048K)
 Metaspace       used 16668K, committed 16832K, reserved 1064960K
  class space    used 1554K, committed 1664K, reserved 1048576K
}
Event: 80.402 GC heap before
{Heap before GC invocations=13 (full 0):
 garbage-first heap   total 270336K, used 205349K [0x000000070a800000, 0x0000000800000000)
  region size 2048K, 25 young (51200K), 1 survivors (2048K)
 Metaspace       used 16668K, committed 16832K, reserved 1064960K
  class space    used 1554K, committed 1664K, reserved 1048576K
}
Event: 80.404 GC heap after
{Heap after GC invocations=14 (full 0):
 garbage-first heap   total 270336K, used 161845K [0x000000070a800000, 0x0000000800000000)
  region size 2048K, 3 young (6144K), 3 survivors (6144K)
 Metaspace       used 16668K, committed 16832K, reserved 1064960K
  class space    used 1554K, committed 1664K, reserved 1048576K
}
Event: 80.567 GC heap before
{Heap before GC invocations=14 (full 0):
 garbage-first heap   total 270336K, used 167989K [0x000000070a800000, 0x0000000800000000)
  region size 2048K, 6 young (12288K), 3 survivors (6144K)
 Metaspace       used 16668K, committed 16832K, reserved 1064960K
  class space    used 1554K, committed 1664K, reserved 1048576K
}
Event: 80.569 GC heap after
{Heap after GC invocations=15 (full 0):
 garbage-first heap   total 270336K, used 163741K [0x000000070a800000, 0x0000000800000000)
  region size 2048K, 1 young (2048K), 1 survivors (2048K)
 Metaspace       used 16668K, committed 16832K, reserved 1064960K
  class space    used 1554K, committed 1664K, reserved 1048576K
}
Event: 82.256 GC heap before
{Heap before GC invocations=15 (full 0):
 garbage-first heap   total 270336K, used 192413K [0x000000070a800000, 0x0000000800000000)
  region size 2048K, 16 young (32768K), 1 survivors (2048K)
 Metaspace       used 16668K, committed 16832K, reserved 1064960K
  class space    used 1554K, committed 1664K, reserved 1048576K
}
Event: 82.258 GC heap after
{Heap after GC invocations=16 (full 0):
 garbage-first heap   total 331776K, used 163597K [0x000000070a800000, 0x0000000800000000)
  region size 2048K, 1 young (2048K), 1 survivors (2048K)
 Metaspace       used 16668K, committed 16832K, reserved 1064960K
  class space    used 1554K, committed 1664K, reserved 1048576K
}

